Сборка начата 18.08.2015 9:32:16.
     1>Проект "C:\Users\803275\documents\visual studio 2013\Projects\XO\XO\XO.vcxproj" в узле 2 (целевые объекты Build).
     1>ClCompile:
         C:\Program Files (x86)\Microsoft Visual Studio 12.0\VC\bin\CL.exe /c /ZI /nologo /W3 /WX- /sdl /Od /Oy- /D WIN32 /D _DEBUG /D _CONSOLE /D _LIB /D _UNICODE /D UNICODE /Gm /EHsc /RTC1 /MDd /GS /fp:precise /Zc:wchar_t /Zc:forScope /Yu"stdafx.h" /Fp"Debug\XO.pch" /Fo"Debug\\" /Fd"Debug\vc120.pdb" /Gd /TP /analyze- /errorReport:prompt XO.cpp
         XO.cpp
     1>c:\users\803275\documents\visual studio 2013\projects\xo\xo\xo.cpp(23): warning C4244: аргумент: преобразование "int" в "GLfloat", возможна потеря данных
     1>c:\users\803275\documents\visual studio 2013\projects\xo\xo\xo.cpp(24): warning C4244: аргумент: преобразование "int" в "GLfloat", возможна потеря данных
     1>c:\users\803275\documents\visual studio 2013\projects\xo\xo\xo.cpp(25): warning C4244: аргумент: преобразование "int" в "GLfloat", возможна потеря данных
     1>c:\users\803275\documents\visual studio 2013\projects\xo\xo\xo.cpp(26): warning C4244: аргумент: преобразование "int" в "GLfloat", возможна потеря данных
     1>c:\users\803275\documents\visual studio 2013\projects\xo\xo\xo.cpp(28): warning C4244: аргумент: преобразование "int" в "GLfloat", возможна потеря данных
     1>c:\users\803275\documents\visual studio 2013\projects\xo\xo\xo.cpp(29): warning C4244: аргумент: преобразование "int" в "GLfloat", возможна потеря данных
     1>c:\users\803275\documents\visual studio 2013\projects\xo\xo\xo.cpp(30): warning C4244: аргумент: преобразование "int" в "GLfloat", возможна потеря данных
     1>c:\users\803275\documents\visual studio 2013\projects\xo\xo\xo.cpp(31): warning C4244: аргумент: преобразование "int" в "GLfloat", возможна потеря данных
     1>c:\users\803275\documents\visual studio 2013\projects\xo\xo\xo.cpp(60): warning C4244: аргумент: преобразование "int" в "GLfloat", возможна потеря данных
     1>c:\users\803275\documents\visual studio 2013\projects\xo\xo\xo.cpp(61): warning C4244: аргумент: преобразование "int" в "GLfloat", возможна потеря данных
     1>c:\users\803275\documents\visual studio 2013\projects\xo\xo\xo.cpp(62): warning C4244: аргумент: преобразование "int" в "GLfloat", возможна потеря данных
     1>c:\users\803275\documents\visual studio 2013\projects\xo\xo\xo.cpp(63): warning C4244: аргумент: преобразование "int" в "GLfloat", возможна потеря данных
     1>c:\users\803275\documents\visual studio 2013\projects\xo\xo\xo.cpp(64): warning C4244: аргумент: преобразование "int" в "GLfloat", возможна потеря данных
     1>c:\users\803275\documents\visual studio 2013\projects\xo\xo\xo.cpp(65): warning C4244: аргумент: преобразование "int" в "GLfloat", возможна потеря данных
     1>c:\users\803275\documents\visual studio 2013\projects\xo\xo\xo.cpp(66): warning C4244: аргумент: преобразование "int" в "GLfloat", возможна потеря данных
     1>c:\users\803275\documents\visual studio 2013\projects\xo\xo\xo.cpp(67): warning C4244: аргумент: преобразование "int" в "GLfloat", возможна потеря данных
     1>c:\users\803275\documents\visual studio 2013\projects\xo\xo\xo.cpp(74): warning C4244: аргумент: преобразование "int" в "GLfloat", возможна потеря данных
     1>c:\users\803275\documents\visual studio 2013\projects\xo\xo\xo.cpp(75): warning C4244: аргумент: преобразование "int" в "GLfloat", возможна потеря данных
     1>c:\users\803275\documents\visual studio 2013\projects\xo\xo\xo.cpp(76): warning C4244: аргумент: преобразование "int" в "GLfloat", возможна потеря данных
     1>c:\users\803275\documents\visual studio 2013\projects\xo\xo\xo.cpp(77): warning C4244: аргумент: преобразование "int" в "GLfloat", возможна потеря данных
     1>c:\users\803275\documents\visual studio 2013\projects\xo\xo\xo.cpp(78): warning C4244: аргумент: преобразование "int" в "GLfloat", возможна потеря данных
     1>c:\users\803275\documents\visual studio 2013\projects\xo\xo\xo.cpp(79): warning C4244: аргумент: преобразование "int" в "GLfloat", возможна потеря данных
     1>c:\users\803275\documents\visual studio 2013\projects\xo\xo\xo.cpp(80): warning C4244: аргумент: преобразование "int" в "GLfloat", возможна потеря данных
     1>c:\users\803275\documents\visual studio 2013\projects\xo\xo\xo.cpp(81): warning C4244: аргумент: преобразование "int" в "GLfloat", возможна потеря данных
       Link:
         C:\Program Files (x86)\Microsoft Visual Studio 12.0\VC\bin\link.exe /ERRORREPORT:PROMPT /OUT:"C:\Users\803275\documents\visual studio 2013\Projects\XO\Debug\XO.exe" /INCREMENTAL /NOLOGO kernel32.lib user32.lib gdi32.lib winspool.lib comdlg32.lib advapi32.lib shell32.lib ole32.lib oleaut32.lib uuid.lib odbc32.lib odbccp32.lib /MANIFEST /MANIFESTUAC:"level='asInvoker' uiAccess='false'" /manifest:embed /DEBUG /PDB:"C:\Users\803275\documents\visual studio 2013\Projects\XO\Debug\XO.pdb" /SUBSYSTEM:CONSOLE /TLBID:1 /DYNAMICBASE /NXCOMPAT /IMPLIB:"C:\Users\803275\documents\visual studio 2013\Projects\XO\Debug\XO.lib" /MACHINE:X86 Debug\stdafx.obj
         Debug\XO.obj
         XO.vcxproj -> C:\Users\803275\documents\visual studio 2013\Projects\XO\Debug\XO.exe
     1>Сборка проекта "C:\Users\803275\documents\visual studio 2013\Projects\XO\XO\XO.vcxproj" завершена (целевые объекты Build).

Сборка успешно завершена.

Затраченное время: 00:00:04.43
